<?xml version="1.0" encoding="UTF-8"?>
<robot generator="Robot 5.0.1 (Python 3.7.3 on win32)" generated="20221004 12:50:14.816" rpa="false" schemaversion="3">
<suite id="s1" name="Test1" source="D:\PyCharm\pythonProject\TestProjectA\Test1.robot">
<test id="s1-t1" name="TC01 Opening a browser" line="14">
<kw name="Open Browser" library="SeleniumLibrary">
<arg>https://www.nu.nl</arg>
<arg>chrome</arg>
<doc>Opens a new browser instance to the optional ``url``.</doc>
<msg timestamp="20221004 12:50:15.760" level="INFO">Opening browser 'chrome' to base url 'https://www.nu.nl'.</msg>
<status status="PASS" starttime="20221004 12:50:15.760" endtime="20221004 12:50:25.554"/>
</kw>
<kw name="Close Browser" library="SeleniumLibrary">
<doc>Closes the current browser.</doc>
<status status="PASS" starttime="20221004 12:50:25.556" endtime="20221004 12:50:27.836"/>
</kw>
<status status="PASS" starttime="20221004 12:50:15.758" endtime="20221004 12:50:27.838"/>
</test>
<status status="PASS" starttime="20221004 12:50:14.825" endtime="20221004 12:50:27.844"/>
</suite>
<statistics>
<total>
<stat pass="1" fail="0" skip="0">All Tests</stat>
</total>
<tag>
</tag>
<suite>
<stat pass="1" fail="0" skip="0" id="s1" name="Test1">Test1</stat>
</suite>
</statistics>
<errors>
</errors>
</robot>
