<?xml version="1.0" encoding="UTF-8"?>
<robot generator="Robot 5.0.1 (Python 3.9.0 on win32)" generated="20221004 18:51:05.447" rpa="false" schemaversion="3">
<suite id="s1" name="TestRepository4" source="C:\Users\ARE\PycharmProjects\TestRepository4">
<suite id="s1-s1" name="TestProjectA" source="C:\Users\ARE\PycharmProjects\TestRepository4\TestProjectA">
<suite id="s1-s1-s1" name="Test1" source="C:\Users\ARE\PycharmProjects\TestRepository4\TestProjectA\Test1.robot">
<test id="s1-s1-s1-t1" name="TC01 Opening a browser in chrome" line="14">
<kw name="Open Browser" library="SeleniumLibrary">
<arg>https://www.nu.nl</arg>
<arg>chrome</arg>
<doc>Opens a new browser instance to the optional ``url``.</doc>
<msg timestamp="20221004 18:51:06.007" level="INFO">Opening browser 'chrome' to base url 'https://www.nu.nl'.</msg>
<status status="PASS" starttime="20221004 18:51:06.007" endtime="20221004 18:51:15.796"/>
</kw>
<kw name="Sleep" library="BuiltIn">
<arg>5s</arg>
<doc>Pauses the test executed for the given time.</doc>
<msg timestamp="20221004 18:51:20.807" level="INFO">Slept 5 seconds</msg>
<status status="PASS" starttime="20221004 18:51:15.796" endtime="20221004 18:51:20.807"/>
</kw>
<kw name="Close Browser" library="SeleniumLibrary">
<doc>Closes the current browser.</doc>
<status status="PASS" starttime="20221004 18:51:20.807" endtime="20221004 18:51:22.995"/>
</kw>
<status status="PASS" starttime="20221004 18:51:06.006" endtime="20221004 18:51:22.996"/>
</test>
<status status="PASS" starttime="20221004 18:51:05.503" endtime="20221004 18:51:22.996"/>
</suite>
<status status="PASS" starttime="20221004 18:51:05.499" endtime="20221004 18:51:22.997"/>
</suite>
<status status="PASS" starttime="20221004 18:51:05.451" endtime="20221004 18:51:22.998"/>
</suite>
<statistics>
<total>
<stat pass="1" fail="0" skip="0">All Tests</stat>
</total>
<tag>
</tag>
<suite>
<stat pass="1" fail="0" skip="0" id="s1" name="TestRepository4">TestRepository4</stat>
<stat pass="1" fail="0" skip="0" id="s1-s1" name="TestProjectA">TestRepository4.TestProjectA</stat>
<stat pass="1" fail="0" skip="0" id="s1-s1-s1" name="Test1">TestRepository4.TestProjectA.Test1</stat>
</suite>
</statistics>
<errors>
</errors>
</robot>
